2021-01-01T15:38:09+00:00 CRITICAL require(): Failed opening required 'C:\wamp64\www\wordpress/wp-content/themes/mytheme/inc/template-tags.php' (include_path='.;C:\php\pear') in C:\wamp64\www\wordpress\wp-content\themes\mytheme\functions.php on line 91

2021-01-01T15:39:07+00:00 CRITICAL require(): Failed opening required 'C:\wamp64\www\wordpress/wp-content/themes/mytheme/inc/template-tags.php' (include_path='.;C:\php\pear') in C:\wamp64\www\wordpress\wp-content\themes\mytheme\functions.php on line 91

2021-01-01T15:40:07+00:00 CRITICAL require(): Failed opening required 'C:\wamp64\www\wordpress/wp-content/themes/mytheme/inc/template-tags.php' (include_path='.;C:\php\pear') in C:\wamp64\www\wordpress\wp-content\themes\mytheme\functions.php on line 91

2021-01-01T15:42:08+00:00 CRITICAL require(): Failed opening required 'C:\wamp64\www\wordpress/wp-content/themes/mytheme/inc/template-tags.php' (include_path='.;C:\php\pear') in C:\wamp64\www\wordpress\wp-content\themes\mytheme\functions.php on line 91

2021-01-01T15:44:10+00:00 CRITICAL require(): Failed opening required 'C:\wamp64\www\wordpress/wp-content/themes/mytheme/inc/template-tags.php' (include_path='.;C:\php\pear') in C:\wamp64\www\wordpress\wp-content\themes\mytheme\functions.php on line 91

2021-01-01T15:44:35+00:00 CRITICAL require(): Failed opening required 'C:\wamp64\www\wordpress/wp-content/themes/mytheme/inc/template-tags.php' (include_path='.;C:\php\pear') in C:\wamp64\www\wordpress\wp-content\themes\mytheme\functions.php on line 91

2021-01-01T15:44:45+00:00 CRITICAL require(): Failed opening required 'C:\wamp64\www\wordpress/wp-content/themes/mytheme/inc/template-tags.php' (include_path='.;C:\php\pear') in C:\wamp64\www\wordpress\wp-content\themes\mytheme\functions.php on line 91

2021-01-01T15:44:53+00:00 CRITICAL require(): Failed opening required 'C:\wamp64\www\wordpress/wp-content/themes/mytheme/inc/template-tags.php' (include_path='.;C:\php\pear') in C:\wamp64\www\wordpress\wp-content\themes\mytheme\functions.php on line 91

2021-01-01T15:45:33+00:00 CRITICAL require(): Failed opening required 'C:\wamp64\www\wordpress/wp-content/themes/mytheme/inc/template-tags.php' (include_path='.;C:\php\pear') in C:\wamp64\www\wordpress\wp-content\themes\mytheme\functions.php on line 91

2021-01-01T19:06:14+00:00 CRITICAL Uncaught Error: Call to undefined function twentynineteen_the_posts_navigation() in C:\wamp64\www\wordpress\wp-content\themes\mytheme\search.php:74
Stack trace:
#0 C:\wamp64\www\wordpress\wp-includes\template-loader.php(106): include()
#1 C:\wamp64\www\wordpress\wp-blog-header.php(19): require_once('C:\\wamp64\\www\\w...')
#2 C:\wamp64\www\wordpress\index.php(17): require('C:\\wamp64\\www\\w...')
#3 {main}
  thrown in C:\wamp64\www\wordpress\wp-content\themes\mytheme\search.php on line 74

2021-01-01T19:14:22+00:00 CRITICAL Uncaught Error: Call to undefined function twentynineteen_the_posts_navigation() in C:\wamp64\www\wordpress\wp-content\themes\mytheme\search.php:74
Stack trace:
#0 C:\wamp64\www\wordpress\wp-includes\template-loader.php(106): include()
#1 C:\wamp64\www\wordpress\wp-blog-header.php(19): require_once('C:\\wamp64\\www\\w...')
#2 C:\wamp64\www\wordpress\index.php(17): require('C:\\wamp64\\www\\w...')
#3 {main}
  thrown in C:\wamp64\www\wordpress\wp-content\themes\mytheme\search.php on line 74

